

Started GET "/" for 127.0.0.1 at 2015-11-05 21:20:10 +0900
Processing by Rails::WelcomeController#index as HTML
  Rendered /Users/daisukesato/.rvm/gems/ruby-2.2.1/gems/railties-4.1.1/lib/rails/templates/rails/welcome/index.html.erb (10.4ms)
Completed 200 OK in 65ms (Views: 47.4ms | ActiveRecord: 0.0ms)


Started GET "/" for 127.0.0.1 at 2015-11-05 21:25:57 +0900
Processing by Rails::WelcomeController#index as HTML
  Rendered /Users/daisukesato/.rvm/gems/ruby-2.2.1/gems/railties-4.1.1/lib/rails/templates/rails/welcome/index.html.erb (3.0ms)
Completed 200 OK in 20ms (Views: 11.9ms | ActiveRecord: 0.0ms)


Started GET "/" for 127.0.0.1 at 2015-11-05 21:26:33 +0900

ArgumentError (Missing :action key on routes definition, please check your routes.):
  config/routes.rb:2:in `block in <top (required)>'
  config/routes.rb:1:in `<top (required)>'


  Rendered /Users/daisukesato/.rvm/gems/ruby-2.2.1/gems/actionpack-4.1.1/lib/action_dispatch/middleware/templates/rescues/_source.erb (0.8ms)
  Rendered /Users/daisukesato/.rvm/gems/ruby-2.2.1/gems/actionpack-4.1.1/lib/action_dispatch/middleware/templates/rescues/_trace.html.erb (1.2ms)
  Rendered /Users/daisukesato/.rvm/gems/ruby-2.2.1/gems/actionpack-4.1.1/lib/action_dispatch/middleware/templates/rescues/_request_and_response.html.erb (1.1ms)
  Rendered /Users/daisukesato/.rvm/gems/ruby-2.2.1/gems/actionpack-4.1.1/lib/action_dispatch/middleware/templates/rescues/diagnostics.erb within rescues/layout (55.9ms)


Started GET "/" for 127.0.0.1 at 2015-11-05 21:26:57 +0900
Processing by WelcomeController#index as HTML
  Rendered welcome/index.html.erb within layouts/application (0.5ms)
Completed 200 OK in 1598ms (Views: 1596.9ms | ActiveRecord: 0.0ms)


Started GET "/assets/welcome.css?body=1" for 127.0.0.1 at 2015-11-05 21:26:59 +0900


Started GET "/assets/application.css?body=1" for 127.0.0.1 at 2015-11-05 21:26:59 +0900


Started GET "/assets/jquery.js?body=1" for 127.0.0.1 at 2015-11-05 21:26:59 +0900


Started GET "/assets/jquery_ujs.js?body=1" for 127.0.0.1 at 2015-11-05 21:26:59 +0900


Started GET "/assets/turbolinks.js?body=1" for 127.0.0.1 at 2015-11-05 21:26:59 +0900


Started GET "/assets/application.js?body=1" for 127.0.0.1 at 2015-11-05 21:26:59 +0900


Started GET "/assets/welcome.js?body=1" for 127.0.0.1 at 2015-11-05 21:26:59 +0900


Started GET "/" for 127.0.0.1 at 2015-11-06 07:33:55 +0900
Processing by WelcomeController#index as HTML
  Rendered welcome/index.html.erb within layouts/application (3.7ms)
Completed 200 OK in 240ms (Views: 217.2ms | ActiveRecord: 0.0ms)


Started GET "/assets/application.css?body=1" for 127.0.0.1 at 2015-11-06 07:33:56 +0900


Started GET "/assets/bootstrap.min.css?body=1" for 127.0.0.1 at 2015-11-06 07:33:56 +0900


Started GET "/assets/jquery_ujs.js?body=1" for 127.0.0.1 at 2015-11-06 07:33:56 +0900


Started GET "/assets/welcome.js?body=1" for 127.0.0.1 at 2015-11-06 07:33:56 +0900


Started GET "/assets/turbolinks.js?body=1" for 127.0.0.1 at 2015-11-06 07:33:56 +0900


Started GET "/assets/welcome.css?body=1" for 127.0.0.1 at 2015-11-06 07:33:56 +0900


Started GET "/assets/bootstrap.min.js?body=1" for 127.0.0.1 at 2015-11-06 07:33:56 +0900


Started GET "/assets/jquery.js?body=1" for 127.0.0.1 at 2015-11-06 07:33:56 +0900


Started GET "/assets/application.js?body=1" for 127.0.0.1 at 2015-11-06 07:33:56 +0900
  [1m[36m (3.1ms)[0m  [1mCREATE TABLE "schema_migrations" ("version" varchar(255) NOT NULL) [0m
  [1m[35m (0.2ms)[0m  select sqlite_version(*)
  [1m[36m (3.4ms)[0m  [1mCREATE UNIQUE INDEX "unique_schema_migrations" ON "schema_migrations" ("version")[0m
  [1m[35mActiveRecord::SchemaMigration Load (0.2ms)[0m  SELECT "schema_migrations".* FROM "schema_migrations"
Migrating to CreateUsers (20151107035454)
  [1m[36m (0.2ms)[0m  [1mbegin transaction[0m
  [1m[35m (0.5ms)[0m  CREATE TABLE "users" ("id" INTEGER PRIMARY KEY AUTOINCREMENT NOT NULL, "provider" varchar(255) NOT NULL, "uid" varchar(255) NOT NULL, "nickname" varchar(255) NOT NULL, "image_url" varchar(255) NOT NULL, "created_at" datetime, "updated_at" datetime) 
  [1m[36m (0.4ms)[0m  [1mCREATE UNIQUE INDEX "index_users_on_provider_and_uid" ON "users" ("provider", "uid")[0m
  [1m[35mSQL (0.2ms)[0m  INSERT INTO "schema_migrations" ("version") VALUES (?)  [["version", "20151107035454"]]
  [1m[36m (2.7ms)[0m  [1mcommit transaction[0m
  [1m[35mActiveRecord::SchemaMigration Load (0.1ms)[0m  SELECT "schema_migrations".* FROM "schema_migrations"
  [1m[36m (0.2ms)[0m  [1m            SELECT sql
            FROM sqlite_master
            WHERE name='index_users_on_provider_and_uid' AND type='index'
            UNION ALL
            SELECT sql
            FROM sqlite_temp_master
            WHERE name='index_users_on_provider_and_uid' AND type='index'
[0m


Started GET "/" for 127.0.0.1 at 2015-11-07 13:16:19 +0900
  [1m[36mActiveRecord::SchemaMigration Load (2.3ms)[0m  [1mSELECT "schema_migrations".* FROM "schema_migrations"[0m
Processing by WelcomeController#index as HTML
  Rendered welcome/index.html.erb within layouts/application (4.4ms)
Completed 200 OK in 212ms (Views: 196.6ms | ActiveRecord: 0.0ms)


Started GET "/assets/welcome.css?body=1" for 127.0.0.1 at 2015-11-07 13:16:20 +0900


Started GET "/assets/application.css?body=1" for 127.0.0.1 at 2015-11-07 13:16:20 +0900


Started GET "/assets/jquery_ujs.js?body=1" for 127.0.0.1 at 2015-11-07 13:16:20 +0900


Started GET "/assets/jquery.js?body=1" for 127.0.0.1 at 2015-11-07 13:16:20 +0900


Started GET "/assets/turbolinks.js?body=1" for 127.0.0.1 at 2015-11-07 13:16:20 +0900


Started GET "/assets/welcome.js?body=1" for 127.0.0.1 at 2015-11-07 13:16:20 +0900


Started GET "/assets/bootstrap.min.css?body=1" for 127.0.0.1 at 2015-11-07 13:16:20 +0900


Started GET "/assets/bootstrap.min.js?body=1" for 127.0.0.1 at 2015-11-07 13:16:20 +0900


Started GET "/assets/application.js?body=1" for 127.0.0.1 at 2015-11-07 13:16:20 +0900


Started GET "/" for 127.0.0.1 at 2015-11-07 13:17:00 +0900
Processing by WelcomeController#index as HTML
  Rendered welcome/index.html.erb within layouts/application (0.1ms)
Completed 200 OK in 69ms (Views: 66.0ms | ActiveRecord: 0.0ms)


Started GET "/assets/welcome.css?body=1" for 127.0.0.1 at 2015-11-07 13:17:00 +0900


Started GET "/assets/application.css?body=1" for 127.0.0.1 at 2015-11-07 13:17:00 +0900


Started GET "/assets/bootstrap.min.css?body=1" for 127.0.0.1 at 2015-11-07 13:17:00 +0900


Started GET "/assets/jquery.js?body=1" for 127.0.0.1 at 2015-11-07 13:17:00 +0900


Started GET "/assets/turbolinks.js?body=1" for 127.0.0.1 at 2015-11-07 13:17:00 +0900


Started GET "/assets/welcome.js?body=1" for 127.0.0.1 at 2015-11-07 13:17:00 +0900


Started GET "/assets/jquery_ujs.js?body=1" for 127.0.0.1 at 2015-11-07 13:17:00 +0900


Started GET "/assets/bootstrap.min.js?body=1" for 127.0.0.1 at 2015-11-07 13:17:00 +0900


Started GET "/assets/application.js?body=1" for 127.0.0.1 at 2015-11-07 13:17:00 +0900


Started GET "/auth/twitter" for 127.0.0.1 at 2015-11-07 13:17:09 +0900


Started GET "/auth/twitter" for 127.0.0.1 at 2015-11-07 13:17:14 +0900


Started GET "/" for 127.0.0.1 at 2015-11-07 13:18:06 +0900
  [1m[36mActiveRecord::SchemaMigration Load (2.4ms)[0m  [1mSELECT "schema_migrations".* FROM "schema_migrations"[0m
Processing by WelcomeController#index as HTML
  Rendered welcome/index.html.erb within layouts/application (3.3ms)
Completed 200 OK in 173ms (Views: 156.4ms | ActiveRecord: 0.0ms)


Started GET "/assets/application.css?body=1" for 127.0.0.1 at 2015-11-07 13:18:07 +0900


Started GET "/assets/bootstrap.min.css?body=1" for 127.0.0.1 at 2015-11-07 13:18:07 +0900


Started GET "/assets/welcome.css?body=1" for 127.0.0.1 at 2015-11-07 13:18:07 +0900


Started GET "/assets/jquery.js?body=1" for 127.0.0.1 at 2015-11-07 13:18:07 +0900


Started GET "/assets/jquery_ujs.js?body=1" for 127.0.0.1 at 2015-11-07 13:18:07 +0900


Started GET "/assets/application.js?body=1" for 127.0.0.1 at 2015-11-07 13:18:07 +0900


Started GET "/assets/welcome.js?body=1" for 127.0.0.1 at 2015-11-07 13:18:07 +0900


Started GET "/assets/turbolinks.js?body=1" for 127.0.0.1 at 2015-11-07 13:18:07 +0900


Started GET "/assets/bootstrap.min.js?body=1" for 127.0.0.1 at 2015-11-07 13:18:07 +0900


Started GET "/auth/twitter" for 127.0.0.1 at 2015-11-07 13:18:10 +0900


Started GET "/auth/twitter" for 127.0.0.1 at 2015-11-07 13:18:12 +0900


Started GET "/auth/twitter" for 127.0.0.1 at 2015-11-07 13:18:30 +0900


Started GET "/auth/twitter" for 127.0.0.1 at 2015-11-07 13:18:34 +0900


Started GET "/auth/twitter/callback?oauth_token=xxQzCgAAAAAAiiGeAAABUOAq010&oauth_verifier=vC1los2YzK6pymzwCkBaGEKFi3ZE9S59" for 127.0.0.1 at 2015-11-07 13:19:11 +0900

ActionController::RoutingError (No route matches [GET] "/auth/twitter/callback"):
  actionpack (4.1.1) lib/action_dispatch/middleware/debug_exceptions.rb:21:in `call'
  actionpack (4.1.1) lib/action_dispatch/middleware/show_exceptions.rb:30:in `call'
  railties (4.1.1) lib/rails/rack/logger.rb:38:in `call_app'
  railties (4.1.1) lib/rails/rack/logger.rb:20:in `block in call'
  activesupport (4.1.1) lib/active_support/tagged_logging.rb:68:in `block in tagged'
  activesupport (4.1.1) lib/active_support/tagged_logging.rb:26:in `tagged'
  activesupport (4.1.1) lib/active_support/tagged_logging.rb:68:in `tagged'
  railties (4.1.1) lib/rails/rack/logger.rb:20:in `call'
  actionpack (4.1.1) lib/action_dispatch/middleware/request_id.rb:21:in `call'
  rack (1.5.5) lib/rack/methodoverride.rb:21:in `call'
  rack (1.5.5) lib/rack/runtime.rb:17:in `call'
  activesupport (4.1.1) lib/active_support/cache/strategy/local_cache_middleware.rb:26:in `call'
  rack (1.5.5) lib/rack/lock.rb:17:in `call'
  actionpack (4.1.1) lib/action_dispatch/middleware/static.rb:64:in `call'
  rack (1.5.5) lib/rack/sendfile.rb:112:in `call'
  railties (4.1.1) lib/rails/engine.rb:514:in `call'
  railties (4.1.1) lib/rails/application.rb:144:in `call'
  rack (1.5.5) lib/rack/lock.rb:17:in `call'
  rack (1.5.5) lib/rack/content_length.rb:14:in `call'
  rack (1.5.5) lib/rack/handler/webrick.rb:60:in `service'
  /Users/daisukesato/.rvm/rubies/ruby-2.2.1/lib/ruby/2.2.0/webrick/httpserver.rb:138:in `service'
  /Users/daisukesato/.rvm/rubies/ruby-2.2.1/lib/ruby/2.2.0/webrick/httpserver.rb:94:in `run'
  /Users/daisukesato/.rvm/rubies/ruby-2.2.1/lib/ruby/2.2.0/webrick/server.rb:294:in `block in start_thread'


  Rendered /Users/daisukesato/.rvm/gems/ruby-2.2.1/gems/actionpack-4.1.1/lib/action_dispatch/middleware/templates/rescues/_trace.html.erb (2.0ms)
  Rendered /Users/daisukesato/.rvm/gems/ruby-2.2.1/gems/actionpack-4.1.1/lib/action_dispatch/middleware/templates/routes/_route.html.erb (0.9ms)
  Rendered /Users/daisukesato/.rvm/gems/ruby-2.2.1/gems/actionpack-4.1.1/lib/action_dispatch/middleware/templates/routes/_table.html.erb (23.4ms)
  Rendered /Users/daisukesato/.rvm/gems/ruby-2.2.1/gems/actionpack-4.1.1/lib/action_dispatch/middleware/templates/rescues/routing_error.html.erb within rescues/layout (98.5ms)


Started GET "/auth/twitter/callback?oauth_token=xxQzCgAAAAAAiiGeAAABUOAq010&oauth_verifier=vC1los2YzK6pymzwCkBaGEKFi3ZE9S59" for 127.0.0.1 at 2015-11-07 13:19:15 +0900

OAuth::Unauthorized (401 Authorization Required):
  oauth (0.4.7) lib/oauth/consumer.rb:216:in `token_request'
  oauth (0.4.7) lib/oauth/tokens/request_token.rb:18:in `get_access_token'
  omniauth-oauth (1.1.0) lib/omniauth/strategies/oauth.rb:56:in `callback_phase'
  omniauth (1.2.2) lib/omniauth/strategy.rb:227:in `callback_call'
  omniauth (1.2.2) lib/omniauth/strategy.rb:184:in `call!'
  omniauth (1.2.2) lib/omniauth/strategy.rb:164:in `call'
  omniauth (1.2.2) lib/omniauth/builder.rb:59:in `call'
  rack (1.5.5) lib/rack/etag.rb:23:in `call'
  rack (1.5.5) lib/rack/conditionalget.rb:25:in `call'
  rack (1.5.5) lib/rack/head.rb:11:in `call'
  actionpack (4.1.1) lib/action_dispatch/middleware/params_parser.rb:27:in `call'
  actionpack (4.1.1) lib/action_dispatch/middleware/flash.rb:254:in `call'
  rack (1.5.5) lib/rack/session/abstract/id.rb:225:in `context'
  rack (1.5.5) lib/rack/session/abstract/id.rb:220:in `call'
  actionpack (4.1.1) lib/action_dispatch/middleware/cookies.rb:560:in `call'
  activerecord (4.1.1) lib/active_record/query_cache.rb:36:in `call'
  activerecord (4.1.1) lib/active_record/connection_adapters/abstract/connection_pool.rb:621:in `call'
  activerecord (4.1.1) lib/active_record/migration.rb:380:in `call'
  actionpack (4.1.1) lib/action_dispatch/middleware/callbacks.rb:29:in `block in call'
  activesupport (4.1.1) lib/active_support/callbacks.rb:82:in `run_callbacks'
  actionpack (4.1.1) lib/action_dispatch/middleware/callbacks.rb:27:in `call'
  actionpack (4.1.1) lib/action_dispatch/middleware/reloader.rb:73:in `call'
  actionpack (4.1.1) lib/action_dispatch/middleware/remote_ip.rb:76:in `call'
  actionpack (4.1.1) lib/action_dispatch/middleware/debug_exceptions.rb:17:in `call'
  actionpack (4.1.1) lib/action_dispatch/middleware/show_exceptions.rb:30:in `call'
  railties (4.1.1) lib/rails/rack/logger.rb:38:in `call_app'
  railties (4.1.1) lib/rails/rack/logger.rb:20:in `block in call'
  activesupport (4.1.1) lib/active_support/tagged_logging.rb:68:in `block in tagged'
  activesupport (4.1.1) lib/active_support/tagged_logging.rb:26:in `tagged'
  activesupport (4.1.1) lib/active_support/tagged_logging.rb:68:in `tagged'
  railties (4.1.1) lib/rails/rack/logger.rb:20:in `call'
  actionpack (4.1.1) lib/action_dispatch/middleware/request_id.rb:21:in `call'
  rack (1.5.5) lib/rack/methodoverride.rb:21:in `call'
  rack (1.5.5) lib/rack/runtime.rb:17:in `call'
  activesupport (4.1.1) lib/active_support/cache/strategy/local_cache_middleware.rb:26:in `call'
  rack (1.5.5) lib/rack/lock.rb:17:in `call'
  actionpack (4.1.1) lib/action_dispatch/middleware/static.rb:64:in `call'
  rack (1.5.5) lib/rack/sendfile.rb:112:in `call'
  railties (4.1.1) lib/rails/engine.rb:514:in `call'
  railties (4.1.1) lib/rails/application.rb:144:in `call'
  rack (1.5.5) lib/rack/lock.rb:17:in `call'
  rack (1.5.5) lib/rack/content_length.rb:14:in `call'
  rack (1.5.5) lib/rack/handler/webrick.rb:60:in `service'
  /Users/daisukesato/.rvm/rubies/ruby-2.2.1/lib/ruby/2.2.0/webrick/httpserver.rb:138:in `service'
  /Users/daisukesato/.rvm/rubies/ruby-2.2.1/lib/ruby/2.2.0/webrick/httpserver.rb:94:in `run'
  /Users/daisukesato/.rvm/rubies/ruby-2.2.1/lib/ruby/2.2.0/webrick/server.rb:294:in `block in start_thread'


  Rendered /Users/daisukesato/.rvm/gems/ruby-2.2.1/gems/actionpack-4.1.1/lib/action_dispatch/middleware/templates/rescues/_source.erb (1.4ms)
  Rendered /Users/daisukesato/.rvm/gems/ruby-2.2.1/gems/actionpack-4.1.1/lib/action_dispatch/middleware/templates/rescues/_trace.html.erb (1.0ms)
  Rendered /Users/daisukesato/.rvm/gems/ruby-2.2.1/gems/actionpack-4.1.1/lib/action_dispatch/middleware/templates/rescues/_request_and_response.html.erb (1.7ms)
  Rendered /Users/daisukesato/.rvm/gems/ruby-2.2.1/gems/actionpack-4.1.1/lib/action_dispatch/middleware/templates/rescues/diagnostics.erb within rescues/layout (60.9ms)


Started GET "/auth/twitter" for 127.0.0.1 at 2015-11-07 13:19:19 +0900


Started GET "/auth/twitter" for 127.0.0.1 at 2015-11-07 13:19:21 +0900


Started GET "/auth/twitter/callback?oauth_token=usHMdAAAAAAAiiGeAAABUOArjjI&oauth_verifier=3F7VzDxMfiV17ZjSt1unNgn00bmIrnLQ" for 127.0.0.1 at 2015-11-07 13:19:24 +0900

ActionController::RoutingError (No route matches [GET] "/auth/twitter/callback"):
  actionpack (4.1.1) lib/action_dispatch/middleware/debug_exceptions.rb:21:in `call'
  actionpack (4.1.1) lib/action_dispatch/middleware/show_exceptions.rb:30:in `call'
  railties (4.1.1) lib/rails/rack/logger.rb:38:in `call_app'
  railties (4.1.1) lib/rails/rack/logger.rb:20:in `block in call'
  activesupport (4.1.1) lib/active_support/tagged_logging.rb:68:in `block in tagged'
  activesupport (4.1.1) lib/active_support/tagged_logging.rb:26:in `tagged'
  activesupport (4.1.1) lib/active_support/tagged_logging.rb:68:in `tagged'
  railties (4.1.1) lib/rails/rack/logger.rb:20:in `call'
  actionpack (4.1.1) lib/action_dispatch/middleware/request_id.rb:21:in `call'
  rack (1.5.5) lib/rack/methodoverride.rb:21:in `call'
  rack (1.5.5) lib/rack/runtime.rb:17:in `call'
  activesupport (4.1.1) lib/active_support/cache/strategy/local_cache_middleware.rb:26:in `call'
  rack (1.5.5) lib/rack/lock.rb:17:in `call'
  actionpack (4.1.1) lib/action_dispatch/middleware/static.rb:64:in `call'
  rack (1.5.5) lib/rack/sendfile.rb:112:in `call'
  railties (4.1.1) lib/rails/engine.rb:514:in `call'
  railties (4.1.1) lib/rails/application.rb:144:in `call'
  rack (1.5.5) lib/rack/lock.rb:17:in `call'
  rack (1.5.5) lib/rack/content_length.rb:14:in `call'
  rack (1.5.5) lib/rack/handler/webrick.rb:60:in `service'
  /Users/daisukesato/.rvm/rubies/ruby-2.2.1/lib/ruby/2.2.0/webrick/httpserver.rb:138:in `service'
  /Users/daisukesato/.rvm/rubies/ruby-2.2.1/lib/ruby/2.2.0/webrick/httpserver.rb:94:in `run'
  /Users/daisukesato/.rvm/rubies/ruby-2.2.1/lib/ruby/2.2.0/webrick/server.rb:294:in `block in start_thread'


  Rendered /Users/daisukesato/.rvm/gems/ruby-2.2.1/gems/actionpack-4.1.1/lib/action_dispatch/middleware/templates/rescues/_trace.html.erb (0.9ms)
  Rendered /Users/daisukesato/.rvm/gems/ruby-2.2.1/gems/actionpack-4.1.1/lib/action_dispatch/middleware/templates/routes/_route.html.erb (0.7ms)
  Rendered /Users/daisukesato/.rvm/gems/ruby-2.2.1/gems/actionpack-4.1.1/lib/action_dispatch/middleware/templates/routes/_table.html.erb (1.0ms)
  Rendered /Users/daisukesato/.rvm/gems/ruby-2.2.1/gems/actionpack-4.1.1/lib/action_dispatch/middleware/templates/rescues/routing_error.html.erb within rescues/layout (50.0ms)


Started GET "/" for 127.0.0.1 at 2015-11-07 13:19:53 +0900
  [1m[36mActiveRecord::SchemaMigration Load (5.0ms)[0m  [1mSELECT "schema_migrations".* FROM "schema_migrations"[0m
Processing by WelcomeController#index as HTML
  Rendered welcome/index.html.erb within layouts/application (4.3ms)
Completed 200 OK in 173ms (Views: 156.6ms | ActiveRecord: 0.0ms)


Started GET "/assets/welcome.css?body=1" for 127.0.0.1 at 2015-11-07 13:19:53 +0900


Started GET "/assets/application.css?body=1" for 127.0.0.1 at 2015-11-07 13:19:53 +0900


Started GET "/assets/jquery.js?body=1" for 127.0.0.1 at 2015-11-07 13:19:53 +0900


Started GET "/assets/jquery_ujs.js?body=1" for 127.0.0.1 at 2015-11-07 13:19:53 +0900


Started GET "/assets/turbolinks.js?body=1" for 127.0.0.1 at 2015-11-07 13:19:53 +0900


Started GET "/assets/bootstrap.min.css?body=1" for 127.0.0.1 at 2015-11-07 13:19:53 +0900


Started GET "/assets/welcome.js?body=1" for 127.0.0.1 at 2015-11-07 13:19:53 +0900


Started GET "/assets/bootstrap.min.js?body=1" for 127.0.0.1 at 2015-11-07 13:19:53 +0900


Started GET "/assets/application.js?body=1" for 127.0.0.1 at 2015-11-07 13:19:53 +0900


Started GET "/auth/twitter" for 127.0.0.1 at 2015-11-07 13:19:56 +0900


Started GET "/auth/twitter" for 127.0.0.1 at 2015-11-07 13:19:59 +0900


Started GET "/auth/twitter/callback?oauth_token=sXkXmwAAAAAAiiGeAAABUOAsH1Q&oauth_verifier=qqRZDQv5RlSW6VZW77aBOOnrXiVDlU9c" for 127.0.0.1 at 2015-11-07 13:20:01 +0900

ActionController::RoutingError (No route matches [GET] "/auth/twitter/callback"):
  actionpack (4.1.1) lib/action_dispatch/middleware/debug_exceptions.rb:21:in `call'
  actionpack (4.1.1) lib/action_dispatch/middleware/show_exceptions.rb:30:in `call'
  railties (4.1.1) lib/rails/rack/logger.rb:38:in `call_app'
  railties (4.1.1) lib/rails/rack/logger.rb:20:in `block in call'
  activesupport (4.1.1) lib/active_support/tagged_logging.rb:68:in `block in tagged'
  activesupport (4.1.1) lib/active_support/tagged_logging.rb:26:in `tagged'
  activesupport (4.1.1) lib/active_support/tagged_logging.rb:68:in `tagged'
  railties (4.1.1) lib/rails/rack/logger.rb:20:in `call'
  actionpack (4.1.1) lib/action_dispatch/middleware/request_id.rb:21:in `call'
  rack (1.5.5) lib/rack/methodoverride.rb:21:in `call'
  rack (1.5.5) lib/rack/runtime.rb:17:in `call'
  activesupport (4.1.1) lib/active_support/cache/strategy/local_cache_middleware.rb:26:in `call'
  rack (1.5.5) lib/rack/lock.rb:17:in `call'
  actionpack (4.1.1) lib/action_dispatch/middleware/static.rb:64:in `call'
  rack (1.5.5) lib/rack/sendfile.rb:112:in `call'
  railties (4.1.1) lib/rails/engine.rb:514:in `call'
  railties (4.1.1) lib/rails/application.rb:144:in `call'
  rack (1.5.5) lib/rack/lock.rb:17:in `call'
  rack (1.5.5) lib/rack/content_length.rb:14:in `call'
  rack (1.5.5) lib/rack/handler/webrick.rb:60:in `service'
  /Users/daisukesato/.rvm/rubies/ruby-2.2.1/lib/ruby/2.2.0/webrick/httpserver.rb:138:in `service'
  /Users/daisukesato/.rvm/rubies/ruby-2.2.1/lib/ruby/2.2.0/webrick/httpserver.rb:94:in `run'
  /Users/daisukesato/.rvm/rubies/ruby-2.2.1/lib/ruby/2.2.0/webrick/server.rb:294:in `block in start_thread'


  Rendered /Users/daisukesato/.rvm/gems/ruby-2.2.1/gems/actionpack-4.1.1/lib/action_dispatch/middleware/templates/rescues/_trace.html.erb (1.0ms)
  Rendered /Users/daisukesato/.rvm/gems/ruby-2.2.1/gems/actionpack-4.1.1/lib/action_dispatch/middleware/templates/routes/_route.html.erb (0.6ms)
  Rendered /Users/daisukesato/.rvm/gems/ruby-2.2.1/gems/actionpack-4.1.1/lib/action_dispatch/middleware/templates/routes/_table.html.erb (10.8ms)
  Rendered /Users/daisukesato/.rvm/gems/ruby-2.2.1/gems/actionpack-4.1.1/lib/action_dispatch/middleware/templates/rescues/routing_error.html.erb within rescues/layout (68.1ms)


Started GET "/" for 127.0.0.1 at 2015-11-07 13:37:02 +0900
  [1m[36mActiveRecord::SchemaMigration Load (2.3ms)[0m  [1mSELECT "schema_migrations".* FROM "schema_migrations"[0m
Processing by WelcomeController#index as HTML
  Rendered welcome/index.html.erb within layouts/application (4.0ms)
Completed 200 OK in 399ms (Views: 386.0ms | ActiveRecord: 0.0ms)


Started GET "/assets/welcome.css?body=1" for 127.0.0.1 at 2015-11-07 13:37:03 +0900


Started GET "/assets/jquery.js?body=1" for 127.0.0.1 at 2015-11-07 13:37:03 +0900


Started GET "/assets/bootstrap.min.css?body=1" for 127.0.0.1 at 2015-11-07 13:37:03 +0900


Started GET "/assets/sessions.js?body=1" for 127.0.0.1 at 2015-11-07 13:37:03 +0900


Started GET "/assets/application.css?body=1" for 127.0.0.1 at 2015-11-07 13:37:03 +0900


Started GET "/assets/turbolinks.js?body=1" for 127.0.0.1 at 2015-11-07 13:37:03 +0900


Started GET "/assets/sessions.css?body=1" for 127.0.0.1 at 2015-11-07 13:37:03 +0900


Started GET "/assets/welcome.js?body=1" for 127.0.0.1 at 2015-11-07 13:37:03 +0900


Started GET "/assets/jquery_ujs.js?body=1" for 127.0.0.1 at 2015-11-07 13:37:03 +0900


Started GET "/assets/bootstrap.min.js?body=1" for 127.0.0.1 at 2015-11-07 13:37:03 +0900


Started GET "/assets/application.js?body=1" for 127.0.0.1 at 2015-11-07 13:37:03 +0900


Started GET "/assets/jquery_ujs.js?body=1" for 127.0.0.1 at 2015-11-07 13:37:03 +0900


Started GET "/assets/turbolinks.js?body=1" for 127.0.0.1 at 2015-11-07 13:37:03 +0900


Started GET "/assets/sessions.js?body=1" for 127.0.0.1 at 2015-11-07 13:37:03 +0900


Started GET "/assets/welcome.js?body=1" for 127.0.0.1 at 2015-11-07 13:37:03 +0900


Started GET "/assets/bootstrap.min.js?body=1" for 127.0.0.1 at 2015-11-07 13:37:03 +0900


Started GET "/assets/application.js?body=1" for 127.0.0.1 at 2015-11-07 13:37:03 +0900


Started GET "/auth/twitter" for 127.0.0.1 at 2015-11-07 13:37:07 +0900


Started GET "/auth/twitter" for 127.0.0.1 at 2015-11-07 13:37:10 +0900


Started GET "/auth/twitter/callback?oauth_token=BWkJLgAAAAAAiiGeAAABUOA73Oo&oauth_verifier=vPoaF74MOrxJHaS6juQMjCvOlE41mfxF" for 127.0.0.1 at 2015-11-07 13:37:13 +0900

ActionController::RoutingError (No route matches [GET] "/auth/twitter/callback"):
  actionpack (4.1.1) lib/action_dispatch/middleware/debug_exceptions.rb:21:in `call'
  actionpack (4.1.1) lib/action_dispatch/middleware/show_exceptions.rb:30:in `call'
  railties (4.1.1) lib/rails/rack/logger.rb:38:in `call_app'
  railties (4.1.1) lib/rails/rack/logger.rb:20:in `block in call'
  activesupport (4.1.1) lib/active_support/tagged_logging.rb:68:in `block in tagged'
  activesupport (4.1.1) lib/active_support/tagged_logging.rb:26:in `tagged'
  activesupport (4.1.1) lib/active_support/tagged_logging.rb:68:in `tagged'
  railties (4.1.1) lib/rails/rack/logger.rb:20:in `call'
  actionpack (4.1.1) lib/action_dispatch/middleware/request_id.rb:21:in `call'
  rack (1.5.5) lib/rack/methodoverride.rb:21:in `call'
  rack (1.5.5) lib/rack/runtime.rb:17:in `call'
  activesupport (4.1.1) lib/active_support/cache/strategy/local_cache_middleware.rb:26:in `call'
  rack (1.5.5) lib/rack/lock.rb:17:in `call'
  actionpack (4.1.1) lib/action_dispatch/middleware/static.rb:64:in `call'
  rack (1.5.5) lib/rack/sendfile.rb:112:in `call'
  railties (4.1.1) lib/rails/engine.rb:514:in `call'
  railties (4.1.1) lib/rails/application.rb:144:in `call'
  rack (1.5.5) lib/rack/lock.rb:17:in `call'
  rack (1.5.5) lib/rack/content_length.rb:14:in `call'
  rack (1.5.5) lib/rack/handler/webrick.rb:60:in `service'
  /Users/daisukesato/.rvm/rubies/ruby-2.2.1/lib/ruby/2.2.0/webrick/httpserver.rb:138:in `service'
  /Users/daisukesato/.rvm/rubies/ruby-2.2.1/lib/ruby/2.2.0/webrick/httpserver.rb:94:in `run'
  /Users/daisukesato/.rvm/rubies/ruby-2.2.1/lib/ruby/2.2.0/webrick/server.rb:294:in `block in start_thread'


  Rendered /Users/daisukesato/.rvm/gems/ruby-2.2.1/gems/actionpack-4.1.1/lib/action_dispatch/middleware/templates/rescues/_trace.html.erb (1.3ms)
  Rendered /Users/daisukesato/.rvm/gems/ruby-2.2.1/gems/actionpack-4.1.1/lib/action_dispatch/middleware/templates/routes/_route.html.erb (1.1ms)
  Rendered /Users/daisukesato/.rvm/gems/ruby-2.2.1/gems/actionpack-4.1.1/lib/action_dispatch/middleware/templates/routes/_table.html.erb (18.2ms)
  Rendered /Users/daisukesato/.rvm/gems/ruby-2.2.1/gems/actionpack-4.1.1/lib/action_dispatch/middleware/templates/rescues/routing_error.html.erb within rescues/layout (94.2ms)


Started GET "/auth/twitter" for 127.0.0.1 at 2015-11-07 13:37:55 +0900


Started GET "/auth/twitter" for 127.0.0.1 at 2015-11-07 13:37:58 +0900


Started GET "/auth/twitter/callback?oauth_token=9Bs7igAAAAAAiiGeAAABUOA8lbA&oauth_verifier=kOcDDfJgkIhlo3lYOg5GsebEUpBing1f" for 127.0.0.1 at 2015-11-07 13:38:01 +0900

SyntaxError (/Users/daisukesato/rails_projects/awesome_events/app/controllers/sessions_controller.rb:6: syntax error, unexpected end-of-input, expecting keyword_end):
  activesupport (4.1.1) lib/active_support/dependencies.rb:443:in `load'
  activesupport (4.1.1) lib/active_support/dependencies.rb:443:in `block in load_file'
  activesupport (4.1.1) lib/active_support/dependencies.rb:633:in `new_constants_in'
  activesupport (4.1.1) lib/active_support/dependencies.rb:442:in `load_file'
  activesupport (4.1.1) lib/active_support/dependencies.rb:342:in `require_or_load'
  activesupport (4.1.1) lib/active_support/dependencies.rb:480:in `load_missing_constant'
  activesupport (4.1.1) lib/active_support/dependencies.rb:180:in `const_missing'
  activesupport (4.1.1) lib/active_support/inflector/methods.rb:238:in `const_get'
  activesupport (4.1.1) lib/active_support/inflector/methods.rb:238:in `block in constantize'
  activesupport (4.1.1) lib/active_support/inflector/methods.rb:236:in `each'
  activesupport (4.1.1) lib/active_support/inflector/methods.rb:236:in `inject'
  activesupport (4.1.1) lib/active_support/inflector/methods.rb:236:in `constantize'
  activesupport (4.1.1) lib/active_support/dependencies.rb:552:in `get'
  activesupport (4.1.1) lib/active_support/dependencies.rb:583:in `constantize'
  actionpack (4.1.1) lib/action_dispatch/routing/route_set.rb:76:in `controller_reference'
  actionpack (4.1.1) lib/action_dispatch/routing/route_set.rb:66:in `controller'
  actionpack (4.1.1) lib/action_dispatch/routing/route_set.rb:44:in `call'
  actionpack (4.1.1) lib/action_dispatch/journey/router.rb:71:in `block in call'
  actionpack (4.1.1) lib/action_dispatch/journey/router.rb:59:in `each'
  actionpack (4.1.1) lib/action_dispatch/journey/router.rb:59:in `call'
  actionpack (4.1.1) lib/action_dispatch/routing/route_set.rb:676:in `call'
  omniauth (1.2.2) lib/omniauth/strategy.rb:404:in `call_app!'
  omniauth (1.2.2) lib/omniauth/strategy.rb:362:in `callback_phase'
  omniauth-oauth (1.1.0) lib/omniauth/strategies/oauth.rb:57:in `callback_phase'
  omniauth (1.2.2) lib/omniauth/strategy.rb:227:in `callback_call'
  omniauth (1.2.2) lib/omniauth/strategy.rb:184:in `call!'
  omniauth (1.2.2) lib/omniauth/strategy.rb:164:in `call'
  omniauth (1.2.2) lib/omniauth/builder.rb:59:in `call'
  rack (1.5.5) lib/rack/etag.rb:23:in `call'
  rack (1.5.5) lib/rack/conditionalget.rb:25:in `call'
  rack (1.5.5) lib/rack/head.rb:11:in `call'
  actionpack (4.1.1) lib/action_dispatch/middleware/params_parser.rb:27:in `call'
  actionpack (4.1.1) lib/action_dispatch/middleware/flash.rb:254:in `call'
  rack (1.5.5) lib/rack/session/abstract/id.rb:225:in `context'
  rack (1.5.5) lib/rack/session/abstract/id.rb:220:in `call'
  actionpack (4.1.1) lib/action_dispatch/middleware/cookies.rb:560:in `call'
  activerecord (4.1.1) lib/active_record/query_cache.rb:36:in `call'
  activerecord (4.1.1) lib/active_record/connection_adapters/abstract/connection_pool.rb:621:in `call'
  activerecord (4.1.1) lib/active_record/migration.rb:380:in `call'
  actionpack (4.1.1) lib/action_dispatch/middleware/callbacks.rb:29:in `block in call'
  activesupport (4.1.1) lib/active_support/callbacks.rb:82:in `run_callbacks'
  actionpack (4.1.1) lib/action_dispatch/middleware/callbacks.rb:27:in `call'
  actionpack (4.1.1) lib/action_dispatch/middleware/reloader.rb:73:in `call'
  actionpack (4.1.1) lib/action_dispatch/middleware/remote_ip.rb:76:in `call'
  actionpack (4.1.1) lib/action_dispatch/middleware/debug_exceptions.rb:17:in `call'
  actionpack (4.1.1) lib/action_dispatch/middleware/show_exceptions.rb:30:in `call'
  railties (4.1.1) lib/rails/rack/logger.rb:38:in `call_app'
  railties (4.1.1) lib/rails/rack/logger.rb:20:in `block in call'
  activesupport (4.1.1) lib/active_support/tagged_logging.rb:68:in `block in tagged'
  activesupport (4.1.1) lib/active_support/tagged_logging.rb:26:in `tagged'
  activesupport (4.1.1) lib/active_support/tagged_logging.rb:68:in `tagged'
  railties (4.1.1) lib/rails/rack/logger.rb:20:in `call'
  actionpack (4.1.1) lib/action_dispatch/middleware/request_id.rb:21:in `call'
  rack (1.5.5) lib/rack/methodoverride.rb:21:in `call'
  rack (1.5.5) lib/rack/runtime.rb:17:in `call'
  activesupport (4.1.1) lib/active_support/cache/strategy/local_cache_middleware.rb:26:in `call'
  rack (1.5.5) lib/rack/lock.rb:17:in `call'
  actionpack (4.1.1) lib/action_dispatch/middleware/static.rb:64:in `call'
  rack (1.5.5) lib/rack/sendfile.rb:112:in `call'
  railties (4.1.1) lib/rails/engine.rb:514:in `call'
  railties (4.1.1) lib/rails/application.rb:144:in `call'
  rack (1.5.5) lib/rack/lock.rb:17:in `call'
  rack (1.5.5) lib/rack/content_length.rb:14:in `call'
  rack (1.5.5) lib/rack/handler/webrick.rb:60:in `service'
  /Users/daisukesato/.rvm/rubies/ruby-2.2.1/lib/ruby/2.2.0/webrick/httpserver.rb:138:in `service'
  /Users/daisukesato/.rvm/rubies/ruby-2.2.1/lib/ruby/2.2.0/webrick/httpserver.rb:94:in `run'
  /Users/daisukesato/.rvm/rubies/ruby-2.2.1/lib/ruby/2.2.0/webrick/server.rb:294:in `block in start_thread'


  Rendered /Users/daisukesato/.rvm/gems/ruby-2.2.1/gems/actionpack-4.1.1/lib/action_dispatch/middleware/templates/rescues/_source.erb (0.8ms)
  Rendered /Users/daisukesato/.rvm/gems/ruby-2.2.1/gems/actionpack-4.1.1/lib/action_dispatch/middleware/templates/rescues/_trace.html.erb (1.2ms)
  Rendered /Users/daisukesato/.rvm/gems/ruby-2.2.1/gems/actionpack-4.1.1/lib/action_dispatch/middleware/templates/rescues/_request_and_response.html.erb (1.5ms)
  Rendered /Users/daisukesato/.rvm/gems/ruby-2.2.1/gems/actionpack-4.1.1/lib/action_dispatch/middleware/templates/rescues/diagnostics.erb within rescues/layout (62.0ms)


Started GET "/auth/twitter/callback?oauth_token=9Bs7igAAAAAAiiGeAAABUOA8lbA&oauth_verifier=kOcDDfJgkIhlo3lYOg5GsebEUpBing1f" for 127.0.0.1 at 2015-11-07 13:38:50 +0900

OAuth::Unauthorized (401 Authorization Required):
  oauth (0.4.7) lib/oauth/consumer.rb:216:in `token_request'
  oauth (0.4.7) lib/oauth/tokens/request_token.rb:18:in `get_access_token'
  omniauth-oauth (1.1.0) lib/omniauth/strategies/oauth.rb:56:in `callback_phase'
  omniauth (1.2.2) lib/omniauth/strategy.rb:227:in `callback_call'
  omniauth (1.2.2) lib/omniauth/strategy.rb:184:in `call!'
  omniauth (1.2.2) lib/omniauth/strategy.rb:164:in `call'
  omniauth (1.2.2) lib/omniauth/builder.rb:59:in `call'
  rack (1.5.5) lib/rack/etag.rb:23:in `call'
  rack (1.5.5) lib/rack/conditionalget.rb:25:in `call'
  rack (1.5.5) lib/rack/head.rb:11:in `call'
  actionpack (4.1.1) lib/action_dispatch/middleware/params_parser.rb:27:in `call'
  actionpack (4.1.1) lib/action_dispatch/middleware/flash.rb:254:in `call'
  rack (1.5.5) lib/rack/session/abstract/id.rb:225:in `context'
  rack (1.5.5) lib/rack/session/abstract/id.rb:220:in `call'
  actionpack (4.1.1) lib/action_dispatch/middleware/cookies.rb:560:in `call'
  activerecord (4.1.1) lib/active_record/query_cache.rb:36:in `call'
  activerecord (4.1.1) lib/active_record/connection_adapters/abstract/connection_pool.rb:621:in `call'
  activerecord (4.1.1) lib/active_record/migration.rb:380:in `call'
  actionpack (4.1.1) lib/action_dispatch/middleware/callbacks.rb:29:in `block in call'
  activesupport (4.1.1) lib/active_support/callbacks.rb:82:in `run_callbacks'
  actionpack (4.1.1) lib/action_dispatch/middleware/callbacks.rb:27:in `call'
  actionpack (4.1.1) lib/action_dispatch/middleware/reloader.rb:73:in `call'
  actionpack (4.1.1) lib/action_dispatch/middleware/remote_ip.rb:76:in `call'
  actionpack (4.1.1) lib/action_dispatch/middleware/debug_exceptions.rb:17:in `call'
  actionpack (4.1.1) lib/action_dispatch/middleware/show_exceptions.rb:30:in `call'
  railties (4.1.1) lib/rails/rack/logger.rb:38:in `call_app'
  railties (4.1.1) lib/rails/rack/logger.rb:20:in `block in call'
  activesupport (4.1.1) lib/active_support/tagged_logging.rb:68:in `block in tagged'
  activesupport (4.1.1) lib/active_support/tagged_logging.rb:26:in `tagged'
  activesupport (4.1.1) lib/active_support/tagged_logging.rb:68:in `tagged'
  railties (4.1.1) lib/rails/rack/logger.rb:20:in `call'
  actionpack (4.1.1) lib/action_dispatch/middleware/request_id.rb:21:in `call'
  rack (1.5.5) lib/rack/methodoverride.rb:21:in `call'
  rack (1.5.5) lib/rack/runtime.rb:17:in `call'
  activesupport (4.1.1) lib/active_support/cache/strategy/local_cache_middleware.rb:26:in `call'
  rack (1.5.5) lib/rack/lock.rb:17:in `call'
  actionpack (4.1.1) lib/action_dispatch/middleware/static.rb:64:in `call'
  rack (1.5.5) lib/rack/sendfile.rb:112:in `call'
  railties (4.1.1) lib/rails/engine.rb:514:in `call'
  railties (4.1.1) lib/rails/application.rb:144:in `call'
  rack (1.5.5) lib/rack/lock.rb:17:in `call'
  rack (1.5.5) lib/rack/content_length.rb:14:in `call'
  rack (1.5.5) lib/rack/handler/webrick.rb:60:in `service'
  /Users/daisukesato/.rvm/rubies/ruby-2.2.1/lib/ruby/2.2.0/webrick/httpserver.rb:138:in `service'
  /Users/daisukesato/.rvm/rubies/ruby-2.2.1/lib/ruby/2.2.0/webrick/httpserver.rb:94:in `run'
  /Users/daisukesato/.rvm/rubies/ruby-2.2.1/lib/ruby/2.2.0/webrick/server.rb:294:in `block in start_thread'


  Rendered /Users/daisukesato/.rvm/gems/ruby-2.2.1/gems/actionpack-4.1.1/lib/action_dispatch/middleware/templates/rescues/_source.erb (0.6ms)
  Rendered /Users/daisukesato/.rvm/gems/ruby-2.2.1/gems/actionpack-4.1.1/lib/action_dispatch/middleware/templates/rescues/_trace.html.erb (1.0ms)
  Rendered /Users/daisukesato/.rvm/gems/ruby-2.2.1/gems/actionpack-4.1.1/lib/action_dispatch/middleware/templates/rescues/_request_and_response.html.erb (0.9ms)
  Rendered /Users/daisukesato/.rvm/gems/ruby-2.2.1/gems/actionpack-4.1.1/lib/action_dispatch/middleware/templates/rescues/diagnostics.erb within rescues/layout (50.6ms)


Started GET "/auth/twitter" for 127.0.0.1 at 2015-11-07 13:38:56 +0900


Started GET "/auth/twitter" for 127.0.0.1 at 2015-11-07 13:38:59 +0900


Started GET "/auth/twitter/callback?oauth_token=qm5DhgAAAAAAiiGeAAABUOA9g9g&oauth_verifier=OaMZYtFj7kZ3dnLUPGBbYC2XoihN8SCP" for 127.0.0.1 at 2015-11-07 13:39:01 +0900
Processing by SessionsController#create as HTML
  Parameters: {"oauth_token"=>"qm5DhgAAAAAAiiGeAAABUOA9g9g", "oauth_verifier"=>"OaMZYtFj7kZ3dnLUPGBbYC2XoihN8SCP", "provider"=>"twitter"}
  [1m[35mUser Load (2.3ms)[0m  SELECT  "users".* FROM "users"  WHERE "users"."provider" = 'twitter' AND "users"."uid" = '4139552472' LIMIT 1
  [1m[36m (0.1ms)[0m  [1mbegin transaction[0m
  [1m[35mSQL (2.7ms)[0m  INSERT INTO "users" ("created_at", "image_url", "nickname", "provider", "uid", "updated_at") VALUES (?, ?, ?, ?, ?, ?)  [["created_at", "2015-11-07 04:39:02.479406"], ["image_url", "http://abs.twimg.com/sticky/default_profile_images/default_profile_6_normal.png"], ["nickname", "ForRails"], ["provider", "twitter"], ["uid", "4139552472"], ["updated_at", "2015-11-07 04:39:02.479406"]]
  [1m[36m (3.6ms)[0m  [1mcommit transaction[0m
Completed 500 Internal Server Error in 53ms

NoMethodError (undefined method `user_id' for #<User:0x007fcb168d18a8>):
  app/controllers/sessions_controller.rb:4:in `create'


  Rendered /Users/daisukesato/.rvm/gems/ruby-2.2.1/gems/actionpack-4.1.1/lib/action_dispatch/middleware/templates/rescues/_source.erb (0.7ms)
  Rendered /Users/daisukesato/.rvm/gems/ruby-2.2.1/gems/actionpack-4.1.1/lib/action_dispatch/middleware/templates/rescues/_trace.html.erb (1.1ms)
  Rendered /Users/daisukesato/.rvm/gems/ruby-2.2.1/gems/actionpack-4.1.1/lib/action_dispatch/middleware/templates/rescues/_request_and_response.html.erb (1.1ms)
  Rendered /Users/daisukesato/.rvm/gems/ruby-2.2.1/gems/actionpack-4.1.1/lib/action_dispatch/middleware/templates/rescues/diagnostics.erb within rescues/layout (55.7ms)


Started GET "/auth/twitter" for 127.0.0.1 at 2015-11-07 13:39:38 +0900


Started GET "/auth/twitter" for 127.0.0.1 at 2015-11-07 13:39:39 +0900


Started GET "/auth/twitter/callback?oauth_token=qcQsTQAAAAAAiiGeAAABUOA-Idw&oauth_verifier=Shq7cxzJHGwmrym9XLz9qq7H3ZvQUltG" for 127.0.0.1 at 2015-11-07 13:39:43 +0900
Processing by SessionsController#create as HTML
  Parameters: {"oauth_token"=>"qcQsTQAAAAAAiiGeAAABUOA-Idw", "oauth_verifier"=>"Shq7cxzJHGwmrym9XLz9qq7H3ZvQUltG", "provider"=>"twitter"}
  [1m[35mUser Load (0.2ms)[0m  SELECT  "users".* FROM "users"  WHERE "users"."provider" = 'twitter' AND "users"."uid" = '4139552472' LIMIT 1
Redirected to http://localhost:3000/
Completed 302 Found in 4ms (ActiveRecord: 0.7ms)


Started GET "/" for 127.0.0.1 at 2015-11-07 13:39:44 +0900
Processing by WelcomeController#index as HTML
  Rendered welcome/index.html.erb within layouts/application (0.1ms)
Completed 200 OK in 52ms (Views: 51.3ms | ActiveRecord: 0.0ms)


Started GET "/assets/welcome.css?body=1" for 127.0.0.1 at 2015-11-07 13:39:44 +0900


Started GET "/assets/sessions.css?body=1" for 127.0.0.1 at 2015-11-07 13:39:44 +0900


Started GET "/assets/jquery.js?body=1" for 127.0.0.1 at 2015-11-07 13:39:44 +0900


Started GET "/assets/jquery_ujs.js?body=1" for 127.0.0.1 at 2015-11-07 13:39:44 +0900


Started GET "/assets/bootstrap.min.css?body=1" for 127.0.0.1 at 2015-11-07 13:39:44 +0900


Started GET "/assets/turbolinks.js?body=1" for 127.0.0.1 at 2015-11-07 13:39:44 +0900


Started GET "/assets/application.css?body=1" for 127.0.0.1 at 2015-11-07 13:39:44 +0900


Started GET "/assets/sessions.js?body=1" for 127.0.0.1 at 2015-11-07 13:39:44 +0900


Started GET "/assets/welcome.js?body=1" for 127.0.0.1 at 2015-11-07 13:39:44 +0900


Started GET "/assets/application.js?body=1" for 127.0.0.1 at 2015-11-07 13:39:44 +0900


Started GET "/assets/bootstrap.min.js?body=1" for 127.0.0.1 at 2015-11-07 13:39:44 +0900


Started GET "/" for 127.0.0.1 at 2015-11-08 17:36:54 +0900
  [1m[36mActiveRecord::SchemaMigration Load (2.4ms)[0m  [1mSELECT "schema_migrations".* FROM "schema_migrations"[0m
Processing by WelcomeController#index as HTML
  Rendered welcome/index.html.erb within layouts/application (4.3ms)
Completed 200 OK in 216ms (Views: 196.1ms | ActiveRecord: 0.0ms)


Started GET "/assets/sessions.css?body=1" for 127.0.0.1 at 2015-11-08 17:36:55 +0900


Started GET "/assets/welcome.css?body=1" for 127.0.0.1 at 2015-11-08 17:36:55 +0900


Started GET "/assets/application.css?body=1" for 127.0.0.1 at 2015-11-08 17:36:55 +0900


Started GET "/assets/bootstrap.min.css?body=1" for 127.0.0.1 at 2015-11-08 17:36:55 +0900


Started GET "/assets/jquery.js?body=1" for 127.0.0.1 at 2015-11-08 17:36:55 +0900


Started GET "/assets/jquery_ujs.js?body=1" for 127.0.0.1 at 2015-11-08 17:36:55 +0900


Started GET "/assets/turbolinks.js?body=1" for 127.0.0.1 at 2015-11-08 17:36:55 +0900


Started GET "/assets/sessions.js?body=1" for 127.0.0.1 at 2015-11-08 17:36:55 +0900


Started GET "/assets/welcome.js?body=1" for 127.0.0.1 at 2015-11-08 17:36:55 +0900


Started GET "/assets/bootstrap.min.js?body=1" for 127.0.0.1 at 2015-11-08 17:36:55 +0900


Started GET "/assets/application.js?body=1" for 127.0.0.1 at 2015-11-08 17:36:55 +0900


Started GET "/logout" for 127.0.0.1 at 2015-11-08 17:36:58 +0900
Processing by SessionsController#destroy as HTML
Redirected to http://localhost:3000/
Completed 302 Found in 2ms (ActiveRecord: 0.0ms)


Started GET "/" for 127.0.0.1 at 2015-11-08 17:36:58 +0900
Processing by WelcomeController#index as HTML
  Rendered welcome/index.html.erb within layouts/application (0.3ms)
Completed 200 OK in 50ms (Views: 49.0ms | ActiveRecord: 0.0ms)


Started GET "/auth/twitter" for 127.0.0.1 at 2015-11-08 17:37:01 +0900


Started GET "/auth/twitter" for 127.0.0.1 at 2015-11-08 17:37:04 +0900


Started GET "/auth/twitter/callback?oauth_token=jvyg1gAAAAAAiiGeAAABUOY92ic&oauth_verifier=Ey9I7IQblbz5yyXvoxouKZpE7kCFwAWp" for 127.0.0.1 at 2015-11-08 17:37:10 +0900
Processing by SessionsController#create as HTML
  Parameters: {"oauth_token"=>"jvyg1gAAAAAAiiGeAAABUOY92ic", "oauth_verifier"=>"Ey9I7IQblbz5yyXvoxouKZpE7kCFwAWp", "provider"=>"twitter"}
  [1m[35mUser Load (2.4ms)[0m  SELECT  "users".* FROM "users"  WHERE "users"."provider" = 'twitter' AND "users"."uid" = '4139552472' LIMIT 1
Redirected to http://localhost:3000/
Completed 302 Found in 23ms (ActiveRecord: 2.9ms)


Started GET "/" for 127.0.0.1 at 2015-11-08 17:37:11 +0900
Processing by WelcomeController#index as HTML
  Rendered welcome/index.html.erb within layouts/application (0.1ms)
Completed 200 OK in 53ms (Views: 52.8ms | ActiveRecord: 0.0ms)


Started GET "/assets/jquery.js?body=1" for 127.0.0.1 at 2015-11-08 17:37:12 +0900


Started GET "/assets/jquery_ujs.js?body=1" for 127.0.0.1 at 2015-11-08 17:37:12 +0900


Started GET "/assets/turbolinks.js?body=1" for 127.0.0.1 at 2015-11-08 17:37:12 +0900
  [1m[36mActiveRecord::SchemaMigration Load (0.4ms)[0m  [1mSELECT "schema_migrations".* FROM "schema_migrations"[0m
Migrating to CreateEvents (20151108084342)
  [1m[35m (0.1ms)[0m  begin transaction
  [1m[36m (0.5ms)[0m  [1mCREATE TABLE "events" ("id" INTEGER PRIMARY KEY AUTOINCREMENT NOT NULL, "owner_id" integer, "name" varchar(255) NOT NULL, "place" varchar(255) NOT NULL, "start_time" datetime NOT NULL, "end_time" datetime NOT NULL, "content" text NOT NULL, "created_at" datetime, "updated_at" datetime) [0m
  [1m[35m (2.2ms)[0m  select sqlite_version(*)
  [1m[36m (0.2ms)[0m  [1mCREATE  INDEX "index_events_on_owner_id" ON "events" ("owner_id")[0m
  [1m[35mSQL (0.2ms)[0m  INSERT INTO "schema_migrations" ("version") VALUES (?)  [["version", "20151108084342"]]
  [1m[36m (2.7ms)[0m  [1mcommit transaction[0m
  [1m[35mActiveRecord::SchemaMigration Load (0.3ms)[0m  SELECT "schema_migrations".* FROM "schema_migrations"
  [1m[36m (0.2ms)[0m  [1m            SELECT sql
            FROM sqlite_master
            WHERE name='index_events_on_owner_id' AND type='index'
            UNION ALL
            SELECT sql
            FROM sqlite_temp_master
            WHERE name='index_events_on_owner_id' AND type='index'
[0m
  [1m[35m (0.2ms)[0m              SELECT sql
            FROM sqlite_master
            WHERE name='index_users_on_provider_and_uid' AND type='index'
            UNION ALL
            SELECT sql
            FROM sqlite_temp_master
            WHERE name='index_users_on_provider_and_uid' AND type='index'

